\BOOKMARK [1][-]{section.1}{1 分类}{}% 1
\BOOKMARK [2][-]{subsection.1.1}{1.1 图像分类的定义}{section.1}% 2
\BOOKMARK [2][-]{subsection.1.2}{1.2 数据集}{section.1}% 3
\BOOKMARK [2][-]{subsection.1.3}{1.3 分类问题的评价指标}{section.1}% 4
\BOOKMARK [2][-]{subsection.1.4}{1.4 图像分类的过程}{section.1}% 5
\BOOKMARK [2][-]{subsection.1.5}{1.5 图像分类的方法}{section.1}% 6
\BOOKMARK [3][-]{subsubsection.1.5.1}{1.5.1 传统机器学习方法}{subsection.1.5}% 7
\BOOKMARK [3][-]{subsubsection.1.5.2}{1.5.2 传统机器学习方法的优点及存在的问题}{subsection.1.5}% 8
\BOOKMARK [3][-]{subsubsection.1.5.3}{1.5.3  深度学习方法}{subsection.1.5}% 9
\BOOKMARK [4][-]{paragraph.1.5.3.1}{1.5.3.1 CNN的优点}{subsubsection.1.5.3}% 10
\BOOKMARK [4][-]{paragraph.1.5.3.2}{1.5.3.2 CNN结构}{subsubsection.1.5.3}% 11
\BOOKMARK [4][-]{paragraph.1.5.3.3}{1.5.3.3 典型CNN网络}{subsubsection.1.5.3}% 12
\BOOKMARK [3][-]{subsubsection.1.5.4}{1.5.4 深度学习方法的优点及存在的问题}{subsection.1.5}% 13
\BOOKMARK [1][-]{section.2}{2 细粒度分类}{}% 14
\BOOKMARK [2][-]{subsection.2.1}{2.1 细粒度图像分类定义}{section.2}% 15
\BOOKMARK [2][-]{subsection.2.2}{2.2 数据集}{section.2}% 16
\BOOKMARK [2][-]{subsection.2.3}{2.3 图像分类方法应用于细粒度分类问题}{section.2}% 17
\BOOKMARK [3][-]{subsubsection.2.3.1}{2.3.1 传统机器学习方法在细粒度问题上效果很差}{subsection.2.3}% 18
\BOOKMARK [3][-]{subsubsection.2.3.2}{2.3.2 卷积神经网络在细粒度分类问题上的效果不够好}{subsection.2.3}% 19
\BOOKMARK [3][-]{subsubsection.2.3.3}{2.3.3 效果不好的原因}{subsection.2.3}% 20
\BOOKMARK [3][-]{subsubsection.2.3.4}{2.3.4 fine-tune及数据增强}{subsection.2.3}% 21
\BOOKMARK [2][-]{subsection.2.4}{2.4 细粒度图像分类的过程}{section.2}% 22
\BOOKMARK [2][-]{subsection.2.5}{2.5 细粒度图像分类的方法}{section.2}% 23
\BOOKMARK [3][-]{subsubsection.2.5.1}{2.5.1 常用的人工标注信息}{subsection.2.5}% 24
\BOOKMARK [3][-]{subsubsection.2.5.2}{2.5.2 强监督算法}{subsection.2.5}% 25
\BOOKMARK [4][-]{paragraph.2.5.2.1}{2.5.2.1\040part\040R-CNN}{subsubsection.2.5.2}% 26
\BOOKMARK [4][-]{paragraph.2.5.2.2}{2.5.2.2\040pose\040normalization}{subsubsection.2.5.2}% 27
\BOOKMARK [4][-]{paragraph.2.5.2.3}{2.5.2.3\040Deep\040LAC}{subsubsection.2.5.2}% 28
\BOOKMARK [4][-]{paragraph.2.5.2.4}{2.5.2.4 其他算法}{subsubsection.2.5.2}% 29
\BOOKMARK [3][-]{subsubsection.2.5.3}{2.5.3 弱监督算法}{subsection.2.5}% 30
\BOOKMARK [4][-]{paragraph.2.5.3.1}{2.5.3.1 空间转换网络}{subsubsection.2.5.3}% 31
\BOOKMARK [4][-]{paragraph.2.5.3.2}{2.5.3.2\040B-CNN}{subsubsection.2.5.3}% 32
\BOOKMARK [4][-]{paragraph.2.5.3.3}{2.5.3.3\040Constellations}{subsubsection.2.5.3}% 33
\BOOKMARK [4][-]{paragraph.2.5.3.4}{2.5.3.4 其他方法}{subsubsection.2.5.3}% 34
\BOOKMARK [2][-]{subsection.2.6}{2.6  细粒度分类存在的问题和挑战}{section.2}% 35
\BOOKMARK [1][-]{section.3}{3 实验}{}% 36
\BOOKMARK [2][-]{subsection.3.1}{3.1 数据增强和模型微调的方法：}{section.3}% 37
\BOOKMARK [3][-]{subsubsection.3.1.1}{3.1.1\040redWeb\040Data}{subsection.3.1}% 38
\BOOKMARK [3][-]{subsubsection.3.1.2}{3.1.2\040redWebly-supervised}{subsection.3.1}% 39
\BOOKMARK [3][-]{subsubsection.3.1.3}{3.1.3\040redDeep\040Metric\040Learning}{subsection.3.1}% 40
\BOOKMARK [2][-]{subsection.3.2}{3.2 局部特征的获取：}{section.3}% 41
\BOOKMARK [3][-]{subsubsection.3.2.1}{3.2.1\040redDeep\040LAC\040}{subsection.3.2}% 42
\BOOKMARK [3][-]{subsubsection.3.2.2}{3.2.2\040redpartRCNN}{subsection.3.2}% 43
\BOOKMARK [3][-]{subsubsection.3.2.3}{3.2.3\040GREENB-CNN}{subsection.3.2}% 44
\BOOKMARK [3][-]{subsubsection.3.2.4}{3.2.4\040BLUECNN-tree}{subsection.3.2}% 45
\BOOKMARK [3][-]{subsubsection.3.2.5}{3.2.5\040GREENFCAN}{subsection.3.2}% 46
\BOOKMARK [3][-]{subsubsection.3.2.6}{3.2.6\040BLUEMulti-proposal\040Consensus}{subsection.3.2}% 47
\BOOKMARK [3][-]{subsubsection.3.2.7}{3.2.7\040redPart-stack\040CNN}{subsection.3.2}% 48
\BOOKMARK [3][-]{subsubsection.3.2.8}{3.2.8\040BLUEPose\040Normalization}{subsection.3.2}% 49
\BOOKMARK [3][-]{subsubsection.3.2.9}{3.2.9\040GREENConstellations}{subsection.3.2}% 50
\BOOKMARK [3][-]{subsubsection.3.2.10}{3.2.10\040redTwo-level\040Attention}{subsection.3.2}% 51
\BOOKMARK [2][-]{subsection.3.3}{3.3 特征处理：}{section.3}% 52
\BOOKMARK [3][-]{subsubsection.3.3.1}{3.3.1\040BLUEmixDCNN}{subsection.3.3}% 53
\BOOKMARK [3][-]{subsubsection.3.3.2}{3.3.2\040BLUEPart-Based\040Image\040Representation}{subsection.3.3}% 54
\BOOKMARK [3][-]{subsubsection.3.3.3}{3.3.3\040GREENCoarse-to-Fine}{subsection.3.3}% 55
\BOOKMARK [3][-]{subsubsection.3.3.4}{3.3.4\040redDVAN}{subsection.3.3}% 56
\BOOKMARK [3][-]{subsubsection.3.3.5}{3.3.5\040BLUEFilter-Specific}{subsection.3.3}% 57
\BOOKMARK [3][-]{subsubsection.3.3.6}{3.3.6\040GREENTransformer\040Networks}{subsection.3.3}% 58
\BOOKMARK [2][-]{subsection.3.4}{3.4 其他的改进方法：}{section.3}% 59
